2022-10-24 21:38:17,939 - root - INFO - ############# config ##################
#
set base_path    /var/spool/apt-mirror
#
# set mirror_path  $base_path/mirror
# set skel_path    $base_path/skel
# set var_path     $base_path/var
# set cleanscript $var_path/clean.sh
# set defaultarch  <running host architecture>
# set postmirror_script $var_path/postmirror.sh
set run_postmirror 0

set nthreads     20
set _tilde 0
#
############# end config ##############

deb http://archive.ubuntu.com/ubuntu focal main restricted universe multiverse
deb https://ppa.launchpadcontent.net/ansible/ansible/ubuntu/ focal main
deb https://repo.saltproject.io/py3/ubuntu/20.04/amd64/3004 focal main


clean http://archive.ubuntu.com/ubuntu
2022-10-24 21:38:17,940 - docker.utils.config - DEBUG - Trying paths: ['/home/wrender/.docker/config.json', '/home/wrender/.dockercfg']
2022-10-24 21:38:17,940 - docker.utils.config - DEBUG - No config file found
2022-10-24 21:38:17,940 - docker.utils.config - DEBUG - Trying paths: ['/home/wrender/.docker/config.json', '/home/wrender/.dockercfg']
2022-10-24 21:38:17,940 - docker.utils.config - DEBUG - No config file found
2022-10-24 21:38:17,944 - urllib3.connectionpool - DEBUG - http://localhost:None "GET /version HTTP/1.1" 200 774
2022-10-24 21:38:17,946 - docker.api.build - DEBUG - Looking for auth config
2022-10-24 21:38:17,946 - docker.api.build - DEBUG - No auth config in memory - loading from filesystem
2022-10-24 21:38:17,946 - docker.utils.config - DEBUG - Trying paths: ['/home/wrender/.docker/config.json', '/home/wrender/.dockercfg']
2022-10-24 21:38:17,946 - docker.utils.config - DEBUG - No config file found
2022-10-24 21:38:17,946 - docker.api.build - DEBUG - Sending auth config ()
2022-10-24 21:38:17,970 - urllib3.connectionpool - DEBUG - http://localhost:None "POST /v1.41/build?t=apt-mirror%3Alatest&q=False&nocache=False&rm=False&forcerm=False&pull=False HTTP/1.1" 200 None
2022-10-24 21:38:19,203 - root - INFO - ############# config ##################
#
set base_path    /var/spool/apt-mirror
#
# set mirror_path  $base_path/mirror
# set skel_path    $base_path/skel
# set var_path     $base_path/var
# set cleanscript $var_path/clean.sh
# set defaultarch  <running host architecture>
# set postmirror_script $var_path/postmirror.sh
set run_postmirror 0

set nthreads     20
set _tilde 0
#
############# end config ##############

deb http://archive.ubuntu.com/ubuntu focal main restricted universe multiverse
deb https://ppa.launchpadcontent.net/ansible/ansible/ubuntu/ focal main
deb https://repo.saltproject.io/py3/ubuntu/20.04/amd64/3004 focal main


clean http://archive.ubuntu.com/ubuntu
2022-10-24 21:38:19,205 - docker.utils.config - DEBUG - Trying paths: ['/home/wrender/.docker/config.json', '/home/wrender/.dockercfg']
2022-10-24 21:38:19,205 - docker.utils.config - DEBUG - No config file found
2022-10-24 21:38:19,205 - docker.utils.config - DEBUG - Trying paths: ['/home/wrender/.docker/config.json', '/home/wrender/.dockercfg']
2022-10-24 21:38:19,205 - docker.utils.config - DEBUG - No config file found
2022-10-24 21:38:19,209 - urllib3.connectionpool - DEBUG - http://localhost:None "GET /version HTTP/1.1" 200 774
2022-10-24 21:38:19,211 - docker.api.build - DEBUG - Looking for auth config
2022-10-24 21:38:19,211 - docker.api.build - DEBUG - No auth config in memory - loading from filesystem
2022-10-24 21:38:19,211 - docker.utils.config - DEBUG - Trying paths: ['/home/wrender/.docker/config.json', '/home/wrender/.dockercfg']
2022-10-24 21:38:19,211 - docker.utils.config - DEBUG - No config file found
2022-10-24 21:38:19,211 - docker.api.build - DEBUG - Sending auth config ()
2022-10-24 21:38:19,235 - urllib3.connectionpool - DEBUG - http://localhost:None "POST /v1.41/build?t=apt-mirror%3Alatest&q=False&nocache=False&rm=False&forcerm=False&pull=False HTTP/1.1" 200 None
2022-10-24 21:38:20,724 - root - INFO - ############# config ##################
#
set base_path    /var/spool/apt-mirror
#
# set mirror_path  $base_path/mirror
# set skel_path    $base_path/skel
# set var_path     $base_path/var
# set cleanscript $var_path/clean.sh
# set defaultarch  <running host architecture>
# set postmirror_script $var_path/postmirror.sh
set run_postmirror 0

set nthreads     20
set _tilde 0
#
############# end config ##############

deb http://archive.ubuntu.com/ubuntu focal main restricted universe multiverse
deb https://ppa.launchpadcontent.net/ansible/ansible/ubuntu/ focal main
deb https://repo.saltproject.io/py3/ubuntu/20.04/amd64/3004 focal main


clean http://archive.ubuntu.com/ubuntu
2022-10-24 21:38:20,726 - docker.utils.config - DEBUG - Trying paths: ['/home/wrender/.docker/config.json', '/home/wrender/.dockercfg']
2022-10-24 21:38:20,726 - docker.utils.config - DEBUG - No config file found
2022-10-24 21:38:20,726 - docker.utils.config - DEBUG - Trying paths: ['/home/wrender/.docker/config.json', '/home/wrender/.dockercfg']
2022-10-24 21:38:20,726 - docker.utils.config - DEBUG - No config file found
2022-10-24 21:38:20,730 - urllib3.connectionpool - DEBUG - http://localhost:None "GET /version HTTP/1.1" 200 774
2022-10-24 21:38:20,732 - docker.api.build - DEBUG - Looking for auth config
2022-10-24 21:38:20,732 - docker.api.build - DEBUG - No auth config in memory - loading from filesystem
2022-10-24 21:38:20,732 - docker.utils.config - DEBUG - Trying paths: ['/home/wrender/.docker/config.json', '/home/wrender/.dockercfg']
2022-10-24 21:38:20,732 - docker.utils.config - DEBUG - No config file found
2022-10-24 21:38:20,732 - docker.api.build - DEBUG - Sending auth config ()
2022-10-24 21:38:20,756 - urllib3.connectionpool - DEBUG - http://localhost:None "POST /v1.41/build?t=apt-mirror%3Alatest&q=False&nocache=False&rm=False&forcerm=False&pull=False HTTP/1.1" 200 None
2022-10-24 21:38:21,955 - root - INFO - ############# config ##################
#
set base_path    /var/spool/apt-mirror
#
# set mirror_path  $base_path/mirror
# set skel_path    $base_path/skel
# set var_path     $base_path/var
# set cleanscript $var_path/clean.sh
# set defaultarch  <running host architecture>
# set postmirror_script $var_path/postmirror.sh
set run_postmirror 0

set nthreads     20
set _tilde 0
#
############# end config ##############

deb http://archive.ubuntu.com/ubuntu focal main restricted universe multiverse
deb https://ppa.launchpadcontent.net/ansible/ansible/ubuntu/ focal main
deb https://repo.saltproject.io/py3/ubuntu/20.04/amd64/3004 focal main


clean http://archive.ubuntu.com/ubuntu
2022-10-24 21:38:21,957 - docker.utils.config - DEBUG - Trying paths: ['/home/wrender/.docker/config.json', '/home/wrender/.dockercfg']
2022-10-24 21:38:21,957 - docker.utils.config - DEBUG - No config file found
2022-10-24 21:38:21,957 - docker.utils.config - DEBUG - Trying paths: ['/home/wrender/.docker/config.json', '/home/wrender/.dockercfg']
2022-10-24 21:38:21,957 - docker.utils.config - DEBUG - No config file found
2022-10-24 21:38:21,961 - urllib3.connectionpool - DEBUG - http://localhost:None "GET /version HTTP/1.1" 200 774
2022-10-24 21:38:21,963 - docker.api.build - DEBUG - Looking for auth config
2022-10-24 21:38:21,963 - docker.api.build - DEBUG - No auth config in memory - loading from filesystem
2022-10-24 21:38:21,963 - docker.utils.config - DEBUG - Trying paths: ['/home/wrender/.docker/config.json', '/home/wrender/.dockercfg']
2022-10-24 21:38:21,963 - docker.utils.config - DEBUG - No config file found
2022-10-24 21:38:21,963 - docker.api.build - DEBUG - Sending auth config ()
2022-10-24 21:38:21,987 - urllib3.connectionpool - DEBUG - http://localhost:None "POST /v1.41/build?t=apt-mirror%3Alatest&q=False&nocache=False&rm=False&forcerm=False&pull=False HTTP/1.1" 200 None
